<?xml version="1.0" encoding="UTF-8"?>
<!-- Generated by org.testng.reporters.JUnitReportReporter -->
<testsuite hostname="DESKTOP-E8Q152A" failures="0" tests="1" name="com.QATest.selenium.Test2Copy" time="47.717" errors="0" timestamp="2024-03-17T19:02:35 IST" skipped="0">
  <testcase classname="com.QATest.selenium.Test2Copy" name="Login" time="47.717"/>
  <system-out/>
</testsuite> <!-- com.QATest.selenium.Test2Copy -->
